============================================
Stitching panorama...
============================================

Platform: Linux 6.1.19-1-MANJARO x86_64
Version: 2022.0.0.a0962865f932
Working directory: /home/thomas/Documents/KP_schmidt/myScrips/pics/Colour
Output prefix: pano

Blender: enblend 4.3-f3e6c6c88e6e
ExifTool version: 12.50

Number of active images: 26
Output exposure value: 0,4
Canvas size: 3392x7923
ROI: (677, 540) - (1632, 1380) 
FOV: 3x7
Projection: Rectilinear(0)
Using GPU for remapping: false

Panorama Outputs:
* Exposure corrected, low dynamic range

First input image
Number: 0
Filename: /home/thomas/Documents/KP_schmidt/myScrips/pics/Colour/Jenamicro18_fs11_Area.png
Size: 640x480
Projection: Normal (rectilinear)
Response type: custom (EMoR)
HFOV: 0
Exposure value: 0,0


Remapping LDR images...
